Using pre-set license
Built from '2021.1/staging' branch; Version is '2021.1.7f1 (d91830b65d9b) revision 14227504'; Using compiler version '192528614'; Build Type 'Release'
OS: 'Windows 10 Pro; OS build 19041.1110; Version 2004; 64bit' Language: 'ru' Physical Memory: 16317 MB
BatchMode: 1, IsHumanControllingUs: 0, StartBugReporterOnCrash: 0, Is64bit: 1, IsPro: 0

 COMMAND LINE ARGUMENTS:
G:\UnityVersions\2021.1.7f1\Editor\Unity.exe
-adb2
-batchMode
-noUpm
-name
AssetImportWorker1
-projectPath
G:/GDFD/GDFD
-logFile
Logs/AssetImportWorker1.log
-srvPort
50554
Successfully changed project path to: G:/GDFD/GDFD
G:/GDFD/GDFD
Using Asset Import Pipeline V2.
Refreshing native plugins compatible for Editor in 89.56 ms, found 2 plugins.
Preloading 0 native plugins for Editor in 0.00 ms.
Initialize engine version: 2021.1.7f1 (d91830b65d9b)
[Subsystems] Discovering subsystems at path G:/UnityVersions/2021.1.7f1/Editor/Data/Resources/UnitySubsystems
[Subsystems] Discovering subsystems at path G:/GDFD/GDFD/Assets
GfxDevice: creating device client; threaded=0; jobified=0
Direct3D:
    Version:  Direct3D 11.0 [level 11.1]
    Renderer: NVIDIA GeForce GT 1030 (ID=0x1d01)
    Vendor:   NVIDIA
    VRAM:     1982 MB
    Driver:   27.21.14.6172
Initialize mono
Mono path[0] = 'G:/UnityVersions/2021.1.7f1/Editor/Data/Managed'
Mono path[1] = 'G:/UnityVersions/2021.1.7f1/Editor/Data/MonoBleedingEdge/lib/mono/unityjit'
Mono config path = 'G:/UnityVersions/2021.1.7f1/Editor/Data/MonoBleedingEdge/etc'
Using monoOptions --debugger-agent=transport=dt_socket,embedding=1,server=y,suspend=n,address=127.0.0.1:56840
Begin MonoManager ReloadAssembly
Registering precompiled unity dll's ...
Register platform support module: G:/UnityVersions/2021.1.7f1/Editor/Data/PlaybackEngines/WindowsStandaloneSupport/UnityEditor.WindowsStandalone.Extensions.dll
Registered in 0.000932 seconds.
Native extension for WindowsStandalone target not found
Refreshing native plugins compatible for Editor in 90.34 ms, found 2 plugins.
Preloading 0 native plugins for Editor in 0.00 ms.
Mono: successfully reloaded assembly
- Completed reload, in  1.426 seconds
Platform modules already initialized, skipping
Registering precompiled user dll's ...
Registered in 0.001958 seconds.
Begin MonoManager ReloadAssembly
Symbol file LoadedFromMemory doesn't match image G:\GDFD\GDFD\Library\PackageCache\com.unity.visualscripting@1.6.1\Editor\VisualScripting.Core\Dependencies\YamlDotNet\Unity.VisualScripting.YamlDotNet.dll
Symbol file LoadedFromMemory doesn't match image G:\GDFD\GDFD\Library\PackageCache\com.unity.visualscripting@1.6.1\Editor\VisualScripting.Core\Dependencies\DotNetZip\Unity.VisualScripting.IonicZip.dll
Native extension for WindowsStandalone target not found
Refreshing native plugins compatible for Editor in 85.64 ms, found 2 plugins.
Preloading 0 native plugins for Editor in 0.00 ms.
Mono: successfully reloaded assembly
- Completed reload, in  1.000 seconds
Platform modules already initialized, skipping
========================================================================
Worker process is ready to serve import requests
Launched and connected shader compiler UnityShaderCompiler.exe after 0.04 seconds
Refreshing native plugins compatible for Editor in 0.60 ms, found 2 plugins.
Preloading 0 native plugins for Editor in 0.00 ms.
Unloading 3416 Unused Serialized files (Serialized files now loaded: 0)
System memory in use before: 130.8 MB.
System memory in use after: 130.9 MB.

Unloading 27 unused Assets to reduce memory usage. Loaded Objects now: 3871.
Total: 2.252600 ms (FindLiveObjects: 0.219800 ms CreateObjectMapping: 0.140300 ms MarkObjects: 1.798000 ms  DeleteObjects: 0.093600 ms)

========================================================================
Received Prepare
Refreshing native plugins compatible for Editor in 2.33 ms, found 2 plugins.
Preloading 0 native plugins for Editor in 0.00 ms.
Unloading 14 Unused Serialized files (Serialized files now loaded: 0)
System memory in use before: 62.3 MB.
System memory in use after: 62.4 MB.

Unloading 14 unused Assets to reduce memory usage. Loaded Objects now: 3871.
Total: 2.508300 ms (FindLiveObjects: 0.260400 ms CreateObjectMapping: 0.188600 ms MarkObjects: 1.964500 ms  DeleteObjects: 0.094000 ms)

========================================================================
Received Prepare
Registering precompiled user dll's ...
Registered in 0.001891 seconds.
Begin MonoManager ReloadAssembly
Symbol file LoadedFromMemory doesn't match image G:\GDFD\GDFD\Library\PackageCache\com.unity.visualscripting@1.6.1\Editor\VisualScripting.Core\Dependencies\YamlDotNet\Unity.VisualScripting.YamlDotNet.dll
Symbol file LoadedFromMemory doesn't match image G:\GDFD\GDFD\Library\PackageCache\com.unity.visualscripting@1.6.1\Editor\VisualScripting.Core\Dependencies\DotNetZip\Unity.VisualScripting.IonicZip.dll
Native extension for WindowsStandalone target not found
Refreshing native plugins compatible for Editor in 0.60 ms, found 2 plugins.
Preloading 0 native plugins for Editor in 0.00 ms.
Mono: successfully reloaded assembly
- Completed reload, in  0.833 seconds
Platform modules already initialized, skipping
Switching build target platform(19) subTarget(0) extendedPlatform(0) -> platform(13) subTarget(537395200) extendedPlatform(0)
Refreshing native plugins compatible for Editor in 0.61 ms, found 2 plugins.
Preloading 0 native plugins for Editor in 0.00 ms.
Unloading 3401 Unused Serialized files (Serialized files now loaded: 0)
System memory in use before: 129.4 MB.
System memory in use after: 129.5 MB.

Unloading 16 unused Assets to reduce memory usage. Loaded Objects now: 3875.
Total: 2.326500 ms (FindLiveObjects: 0.242900 ms CreateObjectMapping: 0.150200 ms MarkObjects: 1.804600 ms  DeleteObjects: 0.128000 ms)

AssetImportParameters requested are different than current active one (requested -> active):
  custom:graphics/normal-map-encoding: 01000000000000000000000000000000 -> 02000000000000000000000000000000
========================================================================
Received Prepare
Registering precompiled user dll's ...
Registered in 0.001953 seconds.
Begin MonoManager ReloadAssembly
Symbol file LoadedFromMemory doesn't match image G:\GDFD\GDFD\Library\PackageCache\com.unity.visualscripting@1.6.1\Editor\VisualScripting.Core\Dependencies\YamlDotNet\Unity.VisualScripting.YamlDotNet.dll
Symbol file LoadedFromMemory doesn't match image G:\GDFD\GDFD\Library\PackageCache\com.unity.visualscripting@1.6.1\Editor\VisualScripting.Core\Dependencies\DotNetZip\Unity.VisualScripting.IonicZip.dll
Native extension for WindowsStandalone target not found
Refreshing native plugins compatible for Editor in 0.64 ms, found 2 plugins.
Preloading 0 native plugins for Editor in 0.00 ms.
Mono: successfully reloaded assembly
- Completed reload, in  0.845 seconds
Platform modules already initialized, skipping
Switching build target platform(19) subTarget(0) extendedPlatform(0) -> platform(13) subTarget(537395200) extendedPlatform(0)
Refreshing native plugins compatible for Editor in 0.59 ms, found 2 plugins.
Preloading 0 native plugins for Editor in 0.00 ms.
Unloading 3401 Unused Serialized files (Serialized files now loaded: 0)
System memory in use before: 129.5 MB.
System memory in use after: 129.6 MB.

Unloading 16 unused Assets to reduce memory usage. Loaded Objects now: 3879.
Total: 2.233700 ms (FindLiveObjects: 0.219500 ms CreateObjectMapping: 0.145100 ms MarkObjects: 1.786800 ms  DeleteObjects: 0.081600 ms)

AssetImportParameters requested are different than current active one (requested -> active):
  custom:graphics/normal-map-encoding: 01000000000000000000000000000000 -> 02000000000000000000000000000000
========================================================================
Received Import Request.
  path: Assets/Sprites/Cactuc MniniGame
  artifactKey: Guid(cd2b7c00fe476b44da4622f41b57b7a8) Importer(815301076,1909f56bfc062723c751e8b465ee728b)
Start importing Assets/Sprites/Cactuc MniniGame using Guid(cd2b7c00fe476b44da4622f41b57b7a8) Importer(815301076,1909f56bfc062723c751e8b465ee728b)  -> (artifact id: '609dd3449735bb0597625c25e553f212') in 0.010903 seconds 
========================================================================
Received Import Request.
  Time since last request: 1.615848 seconds.
  path: Assets/Sprites/Cactuc MniniGame/1.png
  artifactKey: Guid(e49f944eb5604f349ba3a720315c29eb) Importer(815301076,1909f56bfc062723c751e8b465ee728b)
Start importing Assets/Sprites/Cactuc MniniGame/1.png using Guid(e49f944eb5604f349ba3a720315c29eb) Importer(815301076,1909f56bfc062723c751e8b465ee728b)  -> (artifact id: '3f38e4c0f4b91a72590f9ba4e9c01dce') in 0.124910 seconds 
========================================================================
Received Import Request.
  Time since last request: 0.311493 seconds.
  path: Assets/Sprites/Cactuc MniniGame/2.png
  artifactKey: Guid(1e631df594425e0469a814f355e032ba) Importer(815301076,1909f56bfc062723c751e8b465ee728b)
Start importing Assets/Sprites/Cactuc MniniGame/2.png using Guid(1e631df594425e0469a814f355e032ba) Importer(815301076,1909f56bfc062723c751e8b465ee728b)  -> (artifact id: 'f81463b1d778b8b96279e0c3923ebbc5') in 0.022442 seconds 
========================================================================
Received Import Request.
  Time since last request: 51.609363 seconds.
  path: Assets/Sprites/Cactuc MniniGame/2.png
  artifactKey: Guid(1e631df594425e0469a814f355e032ba) Importer(815301076,1909f56bfc062723c751e8b465ee728b)
Start importing Assets/Sprites/Cactuc MniniGame/2.png using Guid(1e631df594425e0469a814f355e032ba) Importer(815301076,1909f56bfc062723c751e8b465ee728b)  -> (artifact id: '96053dcf7807c9124293165e6e7dcac1') in 0.027338 seconds 
========================================================================
Received Import Request.
  Time since last request: 22.343941 seconds.
  path: Assets/Sprites/Cactuc MniniGame/2.png
  artifactKey: Guid(1e631df594425e0469a814f355e032ba) Importer(815301076,1909f56bfc062723c751e8b465ee728b)
Start importing Assets/Sprites/Cactuc MniniGame/2.png using Guid(1e631df594425e0469a814f355e032ba) Importer(815301076,1909f56bfc062723c751e8b465ee728b)  -> (artifact id: 'a53cd4edaaadc937e9d2421c8822f25f') in 0.053179 seconds 
========================================================================
Received Import Request.
  Time since last request: 932.516439 seconds.
  path: Assets/Animation/1-1Cactus/HeightUp.anim
  artifactKey: Guid(c2f6b605ad683034eb23d3b8269293d5) Importer(815301076,1909f56bfc062723c751e8b465ee728b)
Start importing Assets/Animation/1-1Cactus/HeightUp.anim using Guid(c2f6b605ad683034eb23d3b8269293d5) Importer(815301076,1909f56bfc062723c751e8b465ee728b)  -> (artifact id: '31b960995710db683e9161c7b6720d9f') in 0.011979 seconds 
========================================================================
Received Import Request.
  Time since last request: 1.005291 seconds.
  path: Assets/Animation/1-1Cactus/Cactuc 1.controller
  artifactKey: Guid(a1136017295255a429392cc2f070c092) Importer(815301076,1909f56bfc062723c751e8b465ee728b)
Start importing Assets/Animation/1-1Cactus/Cactuc 1.controller using Guid(a1136017295255a429392cc2f070c092) Importer(815301076,1909f56bfc062723c751e8b465ee728b)  -> (artifact id: 'd44547be22ba0b21fa28ad9f3322ef7d') in 0.007304 seconds 
========================================================================
Received Import Request.
  Time since last request: 0.860119 seconds.
  path: Assets/Animation/1-1Cactus/Cactuc.controller
  artifactKey: Guid(9b387c48f6708714bbe1e37b7824ca62) Importer(815301076,1909f56bfc062723c751e8b465ee728b)
Start importing Assets/Animation/1-1Cactus/Cactuc.controller using Guid(9b387c48f6708714bbe1e37b7824ca62) Importer(815301076,1909f56bfc062723c751e8b465ee728b)  -> (artifact id: '371bd78b8e1856f508252b4cbd4939a2') in 0.010454 seconds 
========================================================================
Received Prepare
Registering precompiled user dll's ...
Registered in 0.002009 seconds.
Begin MonoManager ReloadAssembly
Symbol file LoadedFromMemory doesn't match image G:\GDFD\GDFD\Library\PackageCache\com.unity.visualscripting@1.6.1\Editor\VisualScripting.Core\Dependencies\YamlDotNet\Unity.VisualScripting.YamlDotNet.dll
Symbol file LoadedFromMemory doesn't match image G:\GDFD\GDFD\Library\PackageCache\com.unity.visualscripting@1.6.1\Editor\VisualScripting.Core\Dependencies\DotNetZip\Unity.VisualScripting.IonicZip.dll
Native extension for WindowsStandalone target not found
Refreshing native plugins compatible for Editor in 0.62 ms, found 2 plugins.
Preloading 0 native plugins for Editor in 0.00 ms.
Mono: successfully reloaded assembly
- Completed reload, in  1.049 seconds
Platform modules already initialized, skipping
Switching build target platform(19) subTarget(0) extendedPlatform(0) -> platform(13) subTarget(537395200) extendedPlatform(0)
Refreshing native plugins compatible for Editor in 0.59 ms, found 2 plugins.
Preloading 0 native plugins for Editor in 0.00 ms.
Unloading 3403 Unused Serialized files (Serialized files now loaded: 0)
System memory in use before: 147.9 MB.
System memory in use after: 148.0 MB.

Unloading 16 unused Assets to reduce memory usage. Loaded Objects now: 3965.
Total: 2.252300 ms (FindLiveObjects: 0.243700 ms CreateObjectMapping: 0.162700 ms MarkObjects: 1.762000 ms  DeleteObjects: 0.083000 ms)

AssetImportParameters requested are different than current active one (requested -> active):
  custom:graphics/normal-map-encoding: 01000000000000000000000000000000 -> 02000000000000000000000000000000
AssetImportWorkerClient::OnTransportError - code=2 error=End of file
